[2024-11-02 18:18:22,148] multiqc                                            [DEBUG  ]  This is MultiQC v1.21
[2024-11-02 18:18:22,152] multiqc                                            [DEBUG  ]  Loading config settings from: multiqc_config.yml
[2024-11-02 18:18:22,152] multiqc                                            [DEBUG  ]  New config: {'report_comment': 'This report has been generated by the <a href="https://github.com/nf-core/aquascope" target="_blank">nf-core/aquascope</a> analysis pipeline. For information about how to interpret these results, please see the <a href="https://github.com/nf-core/aquascope" target="_blank">documentation</a>.\n', 'report_section_order': {'software_versions': {'order': -1000}, 'nf-core-aquascope-summary': {'order': -1001}}, 'export_plots': True}
[2024-11-02 18:18:22,155] multiqc                                            [DEBUG  ]  Loading config settings from: multiqc_config.yml
[2024-11-02 18:18:22,155] multiqc                                            [DEBUG  ]  New config: {'report_comment': 'This report has been generated by the <a href="https://github.com/nf-core/aquascope" target="_blank">nf-core/aquascope</a> analysis pipeline. For information about how to interpret these results, please see the <a href="https://github.com/nf-core/aquascope" target="_blank">documentation</a>.\n', 'report_section_order': {'software_versions': {'order': -1000}, 'nf-core-aquascope-summary': {'order': -1001}}, 'export_plots': True}
[2024-11-02 18:18:22,155] multiqc                                            [DEBUG  ]  Command used: /usr/local/bin/multiqc --force --config multiqc_config.yml .
[2024-11-02 18:18:22,716] multiqc                                            [WARNING]  MultiQC Version v1.25.1 now available!
[2024-11-02 18:18:22,716] multiqc                                            [DEBUG  ]  Latest MultiQC version is v1.25.1, released 2024-10-01
[2024-11-02 18:18:22,716] multiqc                                            [DEBUG  ]  Working dir : /scicomp/scratch/xuz1/nextflow/work/49/ff96f8827e7eccf0d8e9a233486c3e
[2024-11-02 18:18:22,716] multiqc                                            [DEBUG  ]  Template    : default
[2024-11-02 18:18:22,716] multiqc                                            [DEBUG  ]  Running Python 3.11.8 | packaged by conda-forge | (main, Feb 16 2024, 20:53:32) [GCC 12.3.0]
[2024-11-02 18:18:22,717] multiqc                                            [DEBUG  ]  Analysing modules: custom_content, ccs, ngsderive, purple, conpair, isoseq, lima, peddy, somalier, methylqa, mosdepth, phantompeakqualtools, qualimap, bamdst, preseq, hifiasm, quast, qorts, rna_seqc, rockhopper, rsem, rseqc, busco, bustools, goleft_indexcov, gffcompare, disambiguate, supernova, deeptools, sargasso, verifybamid, mirtrace, happy, mirtop, sambamba, gopeaks, homer, hops, macs2, theta2, snpeff, gatk, htseq, bcftools, featureCounts, fgbio, dragen, dragen_fastqc, dedup, pbmarkdup, damageprofiler, mapdamage, biobambam2, jcvi, mtnucratio, picard, vep, bakta, prokka, qc3C, nanostat, samblaster, samtools, sexdeterrmine, seqera_cli, eigenstratdatabasetools, bamtools, jellyfish, vcftools, longranger, stacks, varscan2, snippy, umitools, truvari, megahit, bbmap, bismark, biscuit, diamond, hicexplorer, hicup, hicpro, salmon, kallisto, slamdunk, star, hisat2, tophat, bowtie2, bowtie1, cellranger, snpsplit, odgi, pangolin, nextclade, freyja, humid, kat, leehom, librarian, nonpareil, adapterRemoval, bbduk, clipandmerge, cutadapt, flexbar, sourmash, kaiju, bracken, kraken, malt, motus, trimmomatic, sickle, skewer, sortmerna, biobloomtools, fastq_screen, afterqc, fastp, fastqc, filtlong, prinseqplusplus, pychopper, porechop, pycoqc, minionqc, anglerfish, multivcfanalyzer, clusterflow, checkqc, bcl2fastq, bclconvert, interop, ivar, flash, seqyclean, optitype, whatshap, spaceranger, xenome, xengsort, metaphlan, seqwho
[2024-11-02 18:18:22,718] multiqc                                            [DEBUG  ]  Using temporary directory for creating report: /tmp/tmpg2547a4b
[2024-11-02 18:18:22,719] multiqc                                            [INFO   ]  Search path : /scicomp/scratch/xuz1/nextflow/work/49/ff96f8827e7eccf0d8e9a233486c3e
[2024-11-02 18:18:23,040] multiqc                                            [DEBUG  ]  Summary of files that were skipped by the search: [skipped_no_match: 8] // [skipped_module_specific_max_filesize: 7]
[2024-11-02 18:18:23,101] multiqc.modules.custom_content.custom_content      [INFO   ]  NWSS-aquascope-methods-description: Found 1 sample (html)
[2024-11-02 18:18:23,101] multiqc.modules.custom_content.custom_content      [INFO   ]  CDCGov-Aquascope-summary: Found 1 sample (html)
[2024-11-02 18:18:23,106] multiqc.modules.freyja.freyja                      [INFO   ]  Found 2 reports
[2024-11-02 18:18:23,107] multiqc.utils.util_functions                       [DEBUG  ]  Wrote data file multiqc_freyja.txt
[2024-11-02 18:18:23,206] multiqc.utils.software_versions                    [DEBUG  ]  Reading software versions from config.software_versions
[2024-11-02 18:18:23,206] multiqc                                            [DEBUG  ]  Reordering sections: anchor 'software_versions' not found.
[2024-11-02 18:18:23,207] multiqc                                            [DEBUG  ]  Reordering sections: anchor 'nf-core-aquascope-summary' not found.
[2024-11-02 18:18:23,207] multiqc                                            [DEBUG  ]  Reordering sections: anchor 'software_versions' not found for module 'NWSS/aquascope Methods Description'.
[2024-11-02 18:18:23,207] multiqc                                            [DEBUG  ]  Reordering sections: anchor 'nf-core-aquascope-summary' not found for module 'NWSS/aquascope Methods Description'.
[2024-11-02 18:18:23,207] multiqc                                            [DEBUG  ]  Reordering sections: anchor 'software_versions' not found for module 'CDCGov-Aquascope Workflow Summary'.
[2024-11-02 18:18:23,207] multiqc                                            [DEBUG  ]  Reordering sections: anchor 'nf-core-aquascope-summary' not found for module 'CDCGov-Aquascope Workflow Summary'.
[2024-11-02 18:18:23,207] multiqc                                            [DEBUG  ]  Reordering sections: anchor 'software_versions' not found for module 'Freyja'.
[2024-11-02 18:18:23,207] multiqc                                            [DEBUG  ]  Reordering sections: anchor 'nf-core-aquascope-summary' not found for module 'Freyja'.
[2024-11-02 18:18:23,224] multiqc.utils.util_functions                       [DEBUG  ]  Wrote data file multiqc_general_stats.txt
[2024-11-02 18:18:23,224] multiqc                                            [DEBUG  ]  Compressing plot data
[2024-11-02 18:18:23,234] multiqc.utils.util_functions                       [DEBUG  ]  Wrote data file multiqc_data.json
[2024-11-02 18:18:23,236] multiqc                                            [INFO   ]  Report      : multiqc_report.html
[2024-11-02 18:18:23,236] multiqc                                            [INFO   ]  Data        : multiqc_data
[2024-11-02 18:18:23,236] multiqc                                            [DEBUG  ]  Moving data file from '/tmp/tmpg2547a4b/multiqc_data' to '/scicomp/scratch/xuz1/nextflow/work/49/ff96f8827e7eccf0d8e9a233486c3e/multiqc_data'
[2024-11-02 18:18:23,259] multiqc                                            [DEBUG  ]  Full report path: /scicomp/scratch/xuz1/nextflow/work/49/ff96f8827e7eccf0d8e9a233486c3e/multiqc_report.html
[2024-11-02 18:18:23,259] multiqc                                            [INFO   ]  Plots       : multiqc_plots
[2024-11-02 18:18:23,259] multiqc                                            [DEBUG  ]  Moving plots directory from '/tmp/tmpg2547a4b/multiqc_plots' to '/scicomp/scratch/xuz1/nextflow/work/49/ff96f8827e7eccf0d8e9a233486c3e/multiqc_plots'
[2024-11-02 18:18:23,539] multiqc                                            [INFO   ]  MultiQC complete
