2024-11-02 18:18:48,773 NanoPlot 1.41.6 started with arguments Namespace(threads=2, verbose=False, store=False, raw=False, huge=False, outdir='.', no_static=False, prefix='', tsv_stats=False, info_in_report=False, maxlength=None, minlength=None, drop_outliers=False, downsample=None, loglength=False, percentqual=False, alength=False, minqual=None, runtime_until=None, readtype='1D', barcoded=False, no_supplementary=False, color='#4CB391', colormap='Greens', format=['png'], plots=['kde', 'dot'], legacy=None, listcolors=False, listcolormaps=False, no_N50=False, N50=False, title=None, font_scale=1, dpi=100, hide_stats=False, fastq=['Sample2.fastq.gz'], fasta=None, fastq_rich=None, fastq_minimal=None, summary=None, bam=None, ubam=None, cram=None, pickle=None, feather=None, path='./')
2024-11-02 18:18:48,773 Python version is: 3.10.12 | packaged by conda-forge | (main, Jun 23 2023, 22:40:32) [GCC 12.3.0]
2024-11-02 18:18:48,823 Nanoget: Starting to collect statistics from plain fastq file.
2024-11-02 18:18:48,825 Nanoget: Decompressing gzipped fastq Sample2.fastq.gz
2024-11-02 18:18:56,731 Reduced DataFrame memory usage from 1.5919952392578125Mb to 1.5919952392578125Mb
2024-11-02 18:18:56,760 Nanoget: Gathered all metrics of 104325 reads
2024-11-02 18:18:56,822 Calculated statistics
2024-11-02 18:18:56,823 Using sequenced read lengths for plotting.
2024-11-02 18:18:56,830 NanoPlot:  Valid color #4CB391.
2024-11-02 18:18:56,831 NanoPlot:  Valid colormap Greens.
2024-11-02 18:18:56,835 NanoPlot:  Creating length plots for Read length.
2024-11-02 18:18:56,836 NanoPlot:  Using 104325 reads maximum of 675bp.
2024-11-02 18:19:00,379 Saved ./WeightedHistogramReadlength  as png (or png for --legacy)
2024-11-02 18:19:01,214 Saved ./WeightedLogTransformed_HistogramReadlength  as png (or png for --legacy)
2024-11-02 18:19:01,927 Saved ./Non_weightedHistogramReadlength  as png (or png for --legacy)
2024-11-02 18:19:02,650 Saved ./Non_weightedLogTransformed_HistogramReadlength  as png (or png for --legacy)
2024-11-02 18:19:04,403 Saved ./Yield_By_Length  as png (or png for --legacy)
2024-11-02 18:19:04,405 Created length plots
2024-11-02 18:19:04,410 NanoPlot: Creating Read lengths vs Average read quality plots using 104325 reads.
2024-11-02 18:19:06,076 Saved ./LengthvsQualityScatterPlot_dot  as png (or png for --legacy)
2024-11-02 18:19:09,261 Saved ./LengthvsQualityScatterPlot_kde  as png (or png for --legacy)
2024-11-02 18:19:09,264 Created LengthvsQual plot
2024-11-02 18:19:09,265 Writing html report.
2024-11-02 18:19:09,301 Finished!
