Jul-18 00:50:37.142 [main] DEBUG nextflow.cli.Launcher - $> nextflow run input_check.nf
Jul-18 00:50:37.195 [main] INFO  nextflow.cli.CmdRun - N E X T F L O W  ~  version 22.10.6
Jul-18 00:50:37.216 [main] DEBUG nextflow.plugin.PluginsFacade - Setting up plugin manager > mode=prod; embedded=false; plugins-dir=/scicomp/home-pure/tzx6/.nextflow/plugins; core-plugins: nf-amazon@1.11.3,nf-azure@0.14.2,nf-codecommit@0.1.2,nf-console@1.0.4,nf-ga4gh@1.0.4,nf-google@1.4.5,nf-tower@1.5.6,nf-wave@0.5.3
Jul-18 00:50:37.229 [main] INFO  org.pf4j.DefaultPluginStatusProvider - Enabled plugins: []
Jul-18 00:50:37.230 [main] INFO  org.pf4j.DefaultPluginStatusProvider - Disabled plugins: []
Jul-18 00:50:37.233 [main] INFO  org.pf4j.DefaultPluginManager - PF4J version 3.4.1 in 'deployment' mode
Jul-18 00:50:37.243 [main] INFO  org.pf4j.AbstractPluginManager - No plugins
Jul-18 00:50:37.297 [main] DEBUG nextflow.cli.CmdRun - Applied DSL=2 by global default
Jul-18 00:50:37.318 [main] INFO  nextflow.cli.CmdRun - Launching `input_check.nf` [cheeky_leavitt] DSL2 - revision: 991dd3160f
Jul-18 00:50:37.319 [main] DEBUG nextflow.plugin.PluginsFacade - Plugins default=[]
Jul-18 00:50:37.319 [main] DEBUG nextflow.plugin.PluginsFacade - Plugins resolved requirement=[]
Jul-18 00:50:37.329 [main] DEBUG nextflow.secret.LocalSecretsProvider - Secrets store: /scicomp/home-pure/tzx6/.nextflow/secrets/store.json
Jul-18 00:50:37.335 [main] DEBUG nextflow.secret.SecretsLoader - Discovered secrets providers: [nextflow.secret.LocalSecretsProvider@796d3c9f] - activable => nextflow.secret.LocalSecretsProvider@796d3c9f
Jul-18 00:50:37.399 [main] DEBUG nextflow.Session - Session UUID: 95ac25f5-1114-4ab9-b558-773f28d4a31d
Jul-18 00:50:37.399 [main] DEBUG nextflow.Session - Run name: cheeky_leavitt
Jul-18 00:50:37.399 [main] DEBUG nextflow.Session - Executor pool size: 44
Jul-18 00:50:37.410 [main] DEBUG nextflow.util.ThreadPoolBuilder - Creating thread pool 'FileTransfer' minSize=10; maxSize=132; workQueue=LinkedBlockingQueue[10000]; allowCoreThreadTimeout=false
Jul-18 00:50:37.442 [main] DEBUG nextflow.cli.CmdRun - 
  Version: 22.10.6 build 5843
  Created: 23-01-2023 23:20 UTC (18:20 EDT)
  System: Linux 3.10.0-1160.92.1.el7.x86_64
  Runtime: Groovy 3.0.13 on OpenJDK 64-Bit Server VM 17.0.3-internal+0-adhoc..src
  Encoding: UTF-8 (UTF-8)
  Process: 149223@node235.hpc.biotech.cdc.gov [10.128.44.235]
  CPUs: 44 - Mem: 376.5 GB (9.4 GB) - Swap: 202 GB (202 GB)
Jul-18 00:50:37.480 [main] DEBUG nextflow.Session - Work-dir: /scicomp/home-pure/tzx6/Documents/Github/aquascope/subworkflows/local/work [nfs]
Jul-18 00:50:37.480 [main] DEBUG nextflow.Session - Script base path does not exist or is not a directory: /scicomp/home-pure/tzx6/Documents/Github/aquascope/subworkflows/local/bin
Jul-18 00:50:37.492 [main] DEBUG nextflow.executor.ExecutorFactory - Extension executors providers=[]
Jul-18 00:50:37.501 [main] DEBUG nextflow.Session - Observer factory: DefaultObserverFactory
Jul-18 00:50:37.521 [main] DEBUG nextflow.cache.CacheFactory - Using Nextflow cache factory: nextflow.cache.DefaultCacheFactory
Jul-18 00:50:37.530 [main] DEBUG nextflow.util.CustomThreadPool - Creating default thread pool > poolSize: 45; maxThreads: 1000
Jul-18 00:50:37.616 [main] DEBUG nextflow.Session - Session start
Jul-18 00:50:37.967 [main] ERROR nextflow.cli.Launcher - Script compilation error
- file : /scicomp/home-pure/tzx6/Documents/Github/aquascope/subworkflows/local/input_check.nf
- cause: Unexpected input: '{' @ line 8, column 22.
   workflow INPUT_CHECK {
                        ^

1 error

