[2024-11-02 18:16:59,584] multiqc                                            [DEBUG  ]  This is MultiQC v1.21
[2024-11-02 18:16:59,587] multiqc                                            [DEBUG  ]  Loading config settings from: multiqc_config.yml
[2024-11-02 18:16:59,588] multiqc                                            [DEBUG  ]  New config: {'report_comment': 'This report has been generated by the <a href="https://github.com/nf-core/aquascope" target="_blank">nf-core/aquascope</a> analysis pipeline. For information about how to interpret these results, please see the <a href="https://github.com/nf-core/aquascope" target="_blank">documentation</a>.\n', 'report_section_order': {'software_versions': {'order': -1000}, 'nf-core-aquascope-summary': {'order': -1001}}, 'export_plots': True}
[2024-11-02 18:16:59,589] multiqc                                            [DEBUG  ]  Loading config settings from: multiqc_config.yml
[2024-11-02 18:16:59,589] multiqc                                            [DEBUG  ]  New config: {'report_comment': 'This report has been generated by the <a href="https://github.com/nf-core/aquascope" target="_blank">nf-core/aquascope</a> analysis pipeline. For information about how to interpret these results, please see the <a href="https://github.com/nf-core/aquascope" target="_blank">documentation</a>.\n', 'report_section_order': {'software_versions': {'order': -1000}, 'nf-core-aquascope-summary': {'order': -1001}}, 'export_plots': True}
[2024-11-02 18:16:59,590] multiqc                                            [DEBUG  ]  Command used: /usr/local/bin/multiqc --force --config multiqc_config.yml .
[2024-11-02 18:17:00,178] multiqc                                            [WARNING]  MultiQC Version v1.25.1 now available!
[2024-11-02 18:17:00,178] multiqc                                            [DEBUG  ]  Latest MultiQC version is v1.25.1, released 2024-10-01
[2024-11-02 18:17:00,178] multiqc                                            [DEBUG  ]  Working dir : /scicomp/scratch/xuz1/nextflow/work/4e/9733974fa408b695703d7b19386def
[2024-11-02 18:17:00,178] multiqc                                            [DEBUG  ]  Template    : default
[2024-11-02 18:17:00,178] multiqc                                            [DEBUG  ]  Running Python 3.11.8 | packaged by conda-forge | (main, Feb 16 2024, 20:53:32) [GCC 12.3.0]
[2024-11-02 18:17:00,179] multiqc                                            [DEBUG  ]  Analysing modules: custom_content, ccs, ngsderive, purple, conpair, isoseq, lima, peddy, somalier, methylqa, mosdepth, phantompeakqualtools, qualimap, bamdst, preseq, hifiasm, quast, qorts, rna_seqc, rockhopper, rsem, rseqc, busco, bustools, goleft_indexcov, gffcompare, disambiguate, supernova, deeptools, sargasso, verifybamid, mirtrace, happy, mirtop, sambamba, gopeaks, homer, hops, macs2, theta2, snpeff, gatk, htseq, bcftools, featureCounts, fgbio, dragen, dragen_fastqc, dedup, pbmarkdup, damageprofiler, mapdamage, biobambam2, jcvi, mtnucratio, picard, vep, bakta, prokka, qc3C, nanostat, samblaster, samtools, sexdeterrmine, seqera_cli, eigenstratdatabasetools, bamtools, jellyfish, vcftools, longranger, stacks, varscan2, snippy, umitools, truvari, megahit, bbmap, bismark, biscuit, diamond, hicexplorer, hicup, hicpro, salmon, kallisto, slamdunk, star, hisat2, tophat, bowtie2, bowtie1, cellranger, snpsplit, odgi, pangolin, nextclade, freyja, humid, kat, leehom, librarian, nonpareil, adapterRemoval, bbduk, clipandmerge, cutadapt, flexbar, sourmash, kaiju, bracken, kraken, malt, motus, trimmomatic, sickle, skewer, sortmerna, biobloomtools, fastq_screen, afterqc, fastp, fastqc, filtlong, prinseqplusplus, pychopper, porechop, pycoqc, minionqc, anglerfish, multivcfanalyzer, clusterflow, checkqc, bcl2fastq, bclconvert, interop, ivar, flash, seqyclean, optitype, whatshap, spaceranger, xenome, xengsort, metaphlan, seqwho
[2024-11-02 18:17:00,186] multiqc                                            [DEBUG  ]  Using temporary directory for creating report: /tmp/tmpqulgpbiw
[2024-11-02 18:17:00,195] multiqc                                            [INFO   ]  Search path : /scicomp/scratch/xuz1/nextflow/work/4e/9733974fa408b695703d7b19386def
[2024-11-02 18:17:00,881] multiqc                                            [DEBUG  ]  Summary of files that were skipped by the search: [skipped_module_specific_max_filesize: 177] // [skipped_no_match: 95]
[2024-11-02 18:17:00,952] multiqc.modules.custom_content.custom_content      [INFO   ]  NWSS-aquascope-methods-description: Found 1 sample (html)
[2024-11-02 18:17:00,953] multiqc.modules.custom_content.custom_content      [INFO   ]  CDCGov-Aquascope-summary: Found 1 sample (html)
[2024-11-02 18:17:00,960] multiqc.utils.util_functions                       [DEBUG  ]  Wrote data file multiqc_qualimap_bamqc_genome_results.txt
[2024-11-02 18:17:00,971] multiqc.modules.qualimap.QM_BamQC                  [DEBUG  ]  Using default Qualimap thresholds: 1, 5, 10, 30, 50
[2024-11-02 18:17:01,072] multiqc.modules.qualimap.qualimap                  [INFO   ]  Found 2 BamQC reports
[2024-11-02 18:17:01,083] multiqc.utils.util_functions                       [DEBUG  ]  Wrote data file multiqc_samtools_stats.txt
[2024-11-02 18:17:01,147] multiqc.modules.samtools.samtools                  [INFO   ]  Found 2 stats reports
[2024-11-02 18:17:01,153] multiqc.modules.freyja.freyja                      [INFO   ]  Found 2 reports
[2024-11-02 18:17:01,154] multiqc.utils.util_functions                       [DEBUG  ]  Wrote data file multiqc_freyja.txt
[2024-11-02 18:17:01,179] multiqc.modules.fastp.fastp                        [INFO   ]  Found 2 reports
[2024-11-02 18:17:01,179] multiqc.modules.fastp.fastp                        [DEBUG  ]  No duplication rate plot data: SAMPLE1_PE
[2024-11-02 18:17:01,181] multiqc.modules.fastp.fastp                        [DEBUG  ]  fastp JSON did not have a 'adapter_cutting' key, skipping: 'SAMPLE1_SE'
[2024-11-02 18:17:01,181] multiqc.modules.fastp.fastp                        [DEBUG  ]  Could not calculate 'pct_adapter' (KeyError): SAMPLE1_SE
[2024-11-02 18:17:01,181] multiqc.modules.fastp.fastp                        [DEBUG  ]  No duplication rate plot data: SAMPLE1_SE
[2024-11-02 18:17:01,181] multiqc.modules.fastp.fastp                        [DEBUG  ]  No insert size plot data: SAMPLE1_SE
[2024-11-02 18:17:01,181] multiqc.modules.fastp.fastp                        [DEBUG  ]  Read quality read2_before_filtering not found: SAMPLE1_SE
[2024-11-02 18:17:01,181] multiqc.modules.fastp.fastp                        [DEBUG  ]  Content curve data read2_before_filtering not found: SAMPLE1_SE
[2024-11-02 18:17:01,181] multiqc.modules.fastp.fastp                        [DEBUG  ]  Read quality read2_after_filtering not found: SAMPLE1_SE
[2024-11-02 18:17:01,181] multiqc.modules.fastp.fastp                        [DEBUG  ]  Content curve data read2_after_filtering not found: SAMPLE1_SE
[2024-11-02 18:17:01,190] multiqc.utils.util_functions                       [DEBUG  ]  Wrote data file multiqc_fastp.txt
[2024-11-02 18:17:01,269] multiqc.modules.fastqc.fastqc                      [DEBUG  ]  Skipping 'SAMPLE1_PE_1_fastqc.zip' as already parsed 'SAMPLE1_PE_1'
[2024-11-02 18:17:01,269] multiqc.modules.fastqc.fastqc                      [DEBUG  ]  Skipping 'SAMPLE1_SE_fastqc.zip' as already parsed 'SAMPLE1_SE'
[2024-11-02 18:17:01,269] multiqc.modules.fastqc.fastqc                      [DEBUG  ]  Skipping 'SAMPLE1_PE_2_fastqc.zip' as already parsed 'SAMPLE1_PE_2'
[2024-11-02 18:17:01,269] multiqc.modules.fastqc.fastqc                      [INFO   ]  Found 3 reports
[2024-11-02 18:17:01,270] multiqc.utils.util_functions                       [DEBUG  ]  Wrote data file multiqc_fastqc.txt
[2024-11-02 18:17:01,353] multiqc.plots.plotly.heatmap                       [DEBUG  ]  Heatmap size: 495x240, px per element: 45.00x80.00
[2024-11-02 18:17:01,367] multiqc.utils.software_versions                    [DEBUG  ]  Reading software versions from config.software_versions
[2024-11-02 18:17:01,369] multiqc.utils.util_functions                       [DEBUG  ]  Wrote data file multiqc_software_versions.txt
[2024-11-02 18:17:01,369] multiqc                                            [DEBUG  ]  Reordering sections: anchor 'software_versions' not found.
[2024-11-02 18:17:01,369] multiqc                                            [DEBUG  ]  Reordering sections: anchor 'nf-core-aquascope-summary' not found.
[2024-11-02 18:17:01,369] multiqc                                            [DEBUG  ]  Reordering sections: anchor 'software_versions' not found for module 'NWSS/aquascope Methods Description'.
[2024-11-02 18:17:01,369] multiqc                                            [DEBUG  ]  Reordering sections: anchor 'nf-core-aquascope-summary' not found for module 'NWSS/aquascope Methods Description'.
[2024-11-02 18:17:01,369] multiqc                                            [DEBUG  ]  Reordering sections: anchor 'software_versions' not found for module 'CDCGov-Aquascope Workflow Summary'.
[2024-11-02 18:17:01,369] multiqc                                            [DEBUG  ]  Reordering sections: anchor 'nf-core-aquascope-summary' not found for module 'CDCGov-Aquascope Workflow Summary'.
[2024-11-02 18:17:01,370] multiqc                                            [DEBUG  ]  Reordering sections: anchor 'software_versions' not found for module 'QualiMap'.
[2024-11-02 18:17:01,370] multiqc                                            [DEBUG  ]  Reordering sections: anchor 'nf-core-aquascope-summary' not found for module 'QualiMap'.
[2024-11-02 18:17:01,370] multiqc                                            [DEBUG  ]  Reordering sections: anchor 'software_versions' not found for module 'Samtools'.
[2024-11-02 18:17:01,370] multiqc                                            [DEBUG  ]  Reordering sections: anchor 'nf-core-aquascope-summary' not found for module 'Samtools'.
[2024-11-02 18:17:01,370] multiqc                                            [DEBUG  ]  Reordering sections: anchor 'software_versions' not found for module 'Freyja'.
[2024-11-02 18:17:01,370] multiqc                                            [DEBUG  ]  Reordering sections: anchor 'nf-core-aquascope-summary' not found for module 'Freyja'.
[2024-11-02 18:17:01,370] multiqc                                            [DEBUG  ]  Reordering sections: anchor 'software_versions' not found for module 'fastp'.
[2024-11-02 18:17:01,370] multiqc                                            [DEBUG  ]  Reordering sections: anchor 'nf-core-aquascope-summary' not found for module 'fastp'.
[2024-11-02 18:17:01,370] multiqc                                            [DEBUG  ]  Reordering sections: anchor 'software_versions' not found for module 'FastQC'.
[2024-11-02 18:17:01,370] multiqc                                            [DEBUG  ]  Reordering sections: anchor 'nf-core-aquascope-summary' not found for module 'FastQC'.
[2024-11-02 18:17:01,370] multiqc                                            [DEBUG  ]  Reordering sections: anchor 'software_versions' not found for module 'Software Versions'.
[2024-11-02 18:17:01,370] multiqc                                            [DEBUG  ]  Reordering sections: anchor 'nf-core-aquascope-summary' not found for module 'Software Versions'.
[2024-11-02 18:17:01,398] multiqc.utils.util_functions                       [DEBUG  ]  Wrote data file multiqc_general_stats.txt
[2024-11-02 18:17:01,399] multiqc                                            [DEBUG  ]  Compressing plot data
[2024-11-02 18:17:01,773] multiqc.utils.util_functions                       [DEBUG  ]  Wrote data file multiqc_data.json
[2024-11-02 18:17:01,775] multiqc                                            [INFO   ]  Report      : multiqc_report.html
[2024-11-02 18:17:01,775] multiqc                                            [INFO   ]  Data        : multiqc_data
[2024-11-02 18:17:01,775] multiqc                                            [DEBUG  ]  Moving data file from '/tmp/tmpqulgpbiw/multiqc_data' to '/scicomp/scratch/xuz1/nextflow/work/4e/9733974fa408b695703d7b19386def/multiqc_data'
[2024-11-02 18:17:01,825] multiqc                                            [DEBUG  ]  Full report path: /scicomp/scratch/xuz1/nextflow/work/4e/9733974fa408b695703d7b19386def/multiqc_report.html
[2024-11-02 18:17:01,825] multiqc                                            [INFO   ]  Plots       : multiqc_plots
[2024-11-02 18:17:01,826] multiqc                                            [DEBUG  ]  Moving plots directory from '/tmp/tmpqulgpbiw/multiqc_plots' to '/scicomp/scratch/xuz1/nextflow/work/4e/9733974fa408b695703d7b19386def/multiqc_plots'
[2024-11-02 18:17:02,069] multiqc                                            [INFO   ]  MultiQC complete
